<?xml version="1.0" encoding="UTF-8"?>
<!-- Generated by org.testng.reporters.JUnitReportReporter -->
<testsuite hostname="SAGAR-PC" failures="0" tests="7" name="testPackage.TestClass" time="0.096" errors="0" timestamp="2024-08-06T21:12:45 IST" skipped="1">
  <testcase classname="testPackage.TestClass" name="testC" time="0.007"/>
  <testcase classname="testPackage.TestClass" name="testC" time="0.027"/>
  <testcase classname="testPackage.TestClass" name="testE" time="0.014"/>
  <testcase classname="testPackage.TestClass" name="testG" time="0.024"/>
  <testcase classname="testPackage.TestClass" name="testB" time="0.014"/>
  <testcase classname="testPackage.TestClass" name="testA" time="0.010"/>
  <testcase classname="testPackage.TestClass" name="testF">
    <skipped/>
  </testcase> <!-- testF -->
</testsuite> <!-- testPackage.TestClass -->
