<?xml version="1.0" encoding="UTF-8"?>
<!-- Generated by org.testng.reporters.JUnitReportReporter -->
<testsuite hostname="SAGAR-PC" failures="0" tests="7" name="testPackage.TestClassUsingTestNG" time="0.125" errors="0" timestamp="2024-03-23T15:43:34 IST" skipped="1">
  <testcase classname="testPackage.TestClassUsingTestNG" name="testC" time="0.013"/>
  <testcase classname="testPackage.TestClassUsingTestNG" name="testC" time="0.007"/>
  <testcase classname="testPackage.TestClassUsingTestNG" name="testE" time="0.055"/>
  <testcase classname="testPackage.TestClassUsingTestNG" name="testG" time="0.023"/>
  <testcase classname="testPackage.TestClassUsingTestNG" name="testB" time="0.013"/>
  <testcase classname="testPackage.TestClassUsingTestNG" name="testA" time="0.014"/>
  <testcase classname="testPackage.TestClassUsingTestNG" name="testF">
    <skipped/>
  </testcase> <!-- testF -->
</testsuite> <!-- testPackage.TestClassUsingTestNG -->
